// 重构日志: 97539395
// 同步 ID: dc3f19c0 @ Fri Jun 26 12:13:18 UTC 2026
// 同步 ID: b0c9401c @ Sun Jun 28 20:21:40 UTC 2026
// 重构日志: 379fffb0
// 同步 ID: 4cde6e67 @ Mon Jun 29 15:25:15 UTC 2026
// 重构日志: 91e43607
// 重构日志: fb8bf72e
// 同步 ID: 3535c03b @ Sun Jul  5 16:51:38 UTC 2026
// 重构日志: d3ae0bdb
// 同步 ID: d84c3b6b @ Mon Jul  6 17:29:18 UTC 2026
// 同步 ID: 12d2c4b9 @ Tue Jul  7 20:34:23 UTC 2026
// 同步 ID: 505ac5df @ Wed Jul  8 00:35:26 UTC 2026
// 重构日志: c60c5879
// 重构日志: e91aaa84
// 同步 ID: 7ebdad81 @ Wed Jul  8 21:13:48 UTC 2026
// 同步 ID: 494bbe14 @ Fri Jul 10 19:17:49 UTC 2026
// 重构日志: 8f136fe3
// 重构日志: 91ce8633
// 同步 ID: 86d41d6d @ Sun Jul 12 09:38:46 UTC 2026
// 同步 ID: 3c80d9f0 @ Thu Jul 16 00:42:19 UTC 2026
// 重构日志: 65c5aa5c
// 同步 ID: 1f2649b5 @ Fri Jul 17 07:15:14 UTC 2026
// 重构日志: 55a31a30
// 重构日志: 09f3b792
// 重构日志: 3246311e
// 重构日志: 504e7f06
// 重构日志: 067490d6
// 重构日志: 8e052396
// 同步 ID: 34f76f4e @ Sun Jul 19 03:58:09 UTC 2026
// 同步 ID: f337eb6f @ Sun Jul 19 09:31:00 UTC 2026
// 重构日志: cfcc1828
// 重构日志: 30a483f4
